2019-07-11 11:46:51,965 INFO 33649 [egg:logger] init all loggers with options: {"dir":"/Users/liangwenzhu/my-space/pillarBoyZone/project/Server/logs/pillar-zone-server","encoding":"utf8","env":"local","level":"INFO","consoleLevel":"INFO","disableConsoleAfterReady":false,"outputJSON":false,"buffer":true,"appLogName":"pillar-zone-server-web.log","coreLogName":"egg-web.log","agentLogName":"egg-agent.log","errorLogName":"common-error.log","coreLogger":{"consoleLevel":"WARN"},"allowDebugAtProd":false,"type":"application"}
2019-07-11 11:46:51,991 INFO 33649 [egg-multipart] stream mode enable
2019-07-11 11:46:52,143 INFO 33649 [egg-static] starting static serve /public/ -> /Users/liangwenzhu/my-space/pillarBoyZone/project/Server/app/public
2019-07-11 11:46:52,145 INFO 33649 [egg-security] use csrf middleware
2019-07-11 11:46:52,146 INFO 33649 [egg-security] use methodnoallow middleware
2019-07-11 11:46:52,146 INFO 33649 [egg-security] use noopen middleware
2019-07-11 11:46:52,147 INFO 33649 [egg-security] use nosniff middleware
2019-07-11 11:46:52,148 INFO 33649 [egg-security] use xssProtection middleware
2019-07-11 11:46:52,149 INFO 33649 [egg-security] use xframe middleware
2019-07-11 11:46:52,149 INFO 33649 [egg-security] use dta middleware
2019-07-11 11:46:52,149 INFO 33649 [egg-security] compose 7 middlewares into one security middleware
2019-07-11 11:46:52,171 INFO 33649 [egg:core] dump config after load, 4ms
2019-07-11 11:46:52,182 INFO 33649 [egg-watcher:application] watcher start success
2019-07-11 11:46:52,186 INFO 33649 [egg:core] dump config after ready, 3ms
2019-07-11 11:47:32,079 INFO 33666 [egg:logger] init all loggers with options: {"dir":"/Users/liangwenzhu/my-space/pillarBoyZone/project/Server/logs/pillar-zone-server","encoding":"utf8","env":"local","level":"INFO","consoleLevel":"INFO","disableConsoleAfterReady":false,"outputJSON":false,"buffer":true,"appLogName":"pillar-zone-server-web.log","coreLogName":"egg-web.log","agentLogName":"egg-agent.log","errorLogName":"common-error.log","coreLogger":{"consoleLevel":"WARN"},"allowDebugAtProd":false,"type":"application"}
2019-07-11 11:47:32,113 INFO 33666 [egg-multipart] stream mode enable
2019-07-11 11:47:32,187 INFO 33666 [egg-static] starting static serve /public/ -> /Users/liangwenzhu/my-space/pillarBoyZone/project/Server/app/public
2019-07-11 11:47:32,191 INFO 33666 [egg-security] use csrf middleware
2019-07-11 11:47:32,192 INFO 33666 [egg-security] use methodnoallow middleware
2019-07-11 11:47:32,193 INFO 33666 [egg-security] use noopen middleware
2019-07-11 11:47:32,195 INFO 33666 [egg-security] use nosniff middleware
2019-07-11 11:47:32,195 INFO 33666 [egg-security] use xssProtection middleware
2019-07-11 11:47:32,197 INFO 33666 [egg-security] use xframe middleware
2019-07-11 11:47:32,198 INFO 33666 [egg-security] use dta middleware
2019-07-11 11:47:32,198 INFO 33666 [egg-security] compose 7 middlewares into one security middleware
2019-07-11 11:47:32,229 INFO 33666 [egg:core] dump config after load, 4ms
2019-07-11 11:47:32,241 INFO 33666 [egg-watcher:application] watcher start success
2019-07-11 11:47:32,246 INFO 33666 [egg:core] dump config after ready, 3ms
2019-07-11 11:49:41,832 INFO 33702 [egg:logger] init all loggers with options: {"dir":"/Users/liangwenzhu/my-space/pillarBoyZone/project/Server/logs/pillar-zone-server","encoding":"utf8","env":"local","level":"INFO","consoleLevel":"INFO","disableConsoleAfterReady":false,"outputJSON":false,"buffer":true,"appLogName":"pillar-zone-server-web.log","coreLogName":"egg-web.log","agentLogName":"egg-agent.log","errorLogName":"common-error.log","coreLogger":{"consoleLevel":"WARN"},"allowDebugAtProd":false,"type":"application"}
2019-07-11 11:49:41,862 INFO 33702 [egg-multipart] stream mode enable
2019-07-11 11:49:41,922 INFO 33702 [egg-static] starting static serve /public/ -> /Users/liangwenzhu/my-space/pillarBoyZone/project/Server/app/public
2019-07-11 11:49:41,925 INFO 33702 [egg-security] use csrf middleware
2019-07-11 11:49:41,926 INFO 33702 [egg-security] use methodnoallow middleware
2019-07-11 11:49:41,926 INFO 33702 [egg-security] use noopen middleware
2019-07-11 11:49:41,927 INFO 33702 [egg-security] use nosniff middleware
2019-07-11 11:49:41,928 INFO 33702 [egg-security] use xssProtection middleware
2019-07-11 11:49:41,929 INFO 33702 [egg-security] use xframe middleware
2019-07-11 11:49:41,930 INFO 33702 [egg-security] use dta middleware
2019-07-11 11:49:41,930 INFO 33702 [egg-security] compose 7 middlewares into one security middleware
2019-07-11 11:49:41,954 INFO 33702 [egg:core] dump config after load, 3ms
2019-07-11 11:49:41,966 INFO 33702 [egg-watcher:application] watcher start success
2019-07-11 11:49:41,971 INFO 33702 [egg:core] dump config after ready, 3ms
2019-07-11 11:52:04,598 INFO 33759 [egg:logger] init all loggers with options: {"dir":"/Users/liangwenzhu/my-space/pillarBoyZone/project/Server/logs/pillar-zone-server","encoding":"utf8","env":"local","level":"INFO","consoleLevel":"INFO","disableConsoleAfterReady":false,"outputJSON":false,"buffer":true,"appLogName":"pillar-zone-server-web.log","coreLogName":"egg-web.log","agentLogName":"egg-agent.log","errorLogName":"common-error.log","coreLogger":{"consoleLevel":"WARN"},"allowDebugAtProd":false,"type":"application"}
2019-07-11 11:52:04,624 INFO 33759 [egg-multipart] stream mode enable
2019-07-11 11:52:04,658 INFO 33759 [egg-static] starting static serve /public/ -> /Users/liangwenzhu/my-space/pillarBoyZone/project/Server/app/public
2019-07-11 11:52:04,661 INFO 33759 [egg-security] use csrf middleware
2019-07-11 11:52:04,662 INFO 33759 [egg-security] use methodnoallow middleware
2019-07-11 11:52:04,662 INFO 33759 [egg-security] use noopen middleware
2019-07-11 11:52:04,663 INFO 33759 [egg-security] use nosniff middleware
2019-07-11 11:52:04,663 INFO 33759 [egg-security] use xssProtection middleware
2019-07-11 11:52:04,663 INFO 33759 [egg-security] use xframe middleware
2019-07-11 11:52:04,663 INFO 33759 [egg-security] use dta middleware
2019-07-11 11:52:04,663 INFO 33759 [egg-security] compose 7 middlewares into one security middleware
2019-07-11 11:52:04,671 INFO 33759 [egg:core] dump config after load, 4ms
2019-07-11 11:52:04,682 INFO 33759 [egg-watcher:application] watcher start success
2019-07-11 11:52:04,688 INFO 33759 [egg:core] dump config after ready, 3ms
2019-07-11 11:52:16,234 INFO 33761 [egg:logger] init all loggers with options: {"dir":"/Users/liangwenzhu/my-space/pillarBoyZone/project/Server/logs/pillar-zone-server","encoding":"utf8","env":"local","level":"INFO","consoleLevel":"INFO","disableConsoleAfterReady":false,"outputJSON":false,"buffer":true,"appLogName":"pillar-zone-server-web.log","coreLogName":"egg-web.log","agentLogName":"egg-agent.log","errorLogName":"common-error.log","coreLogger":{"consoleLevel":"WARN"},"allowDebugAtProd":false,"type":"application"}
2019-07-11 11:52:16,267 INFO 33761 [egg-multipart] stream mode enable
2019-07-11 11:52:16,342 INFO 33761 [egg-static] starting static serve /public/ -> /Users/liangwenzhu/my-space/pillarBoyZone/project/Server/app/public
2019-07-11 11:52:16,366 INFO 33761 [egg-security] use csrf middleware
2019-07-11 11:52:16,366 INFO 33761 [egg-security] use methodnoallow middleware
2019-07-11 11:52:16,367 INFO 33761 [egg-security] use noopen middleware
2019-07-11 11:52:16,367 INFO 33761 [egg-security] use nosniff middleware
2019-07-11 11:52:16,368 INFO 33761 [egg-security] use xssProtection middleware
2019-07-11 11:52:16,368 INFO 33761 [egg-security] use xframe middleware
2019-07-11 11:52:16,368 INFO 33761 [egg-security] use dta middleware
2019-07-11 11:52:16,368 INFO 33761 [egg-security] compose 7 middlewares into one security middleware
2019-07-11 11:52:16,381 INFO 33761 [egg:core] dump config after load, 7ms
2019-07-11 11:52:16,394 INFO 33761 [egg-watcher:application] watcher start success
2019-07-11 11:52:16,451 INFO 33761 [egg:core] dump config after ready, 55ms
2019-07-11 14:44:33,094 INFO 36195 [egg:logger] init all loggers with options: {"dir":"/Users/liangwenzhu/my-space/pillarBoyZone/project/Server/logs/pillar-zone-server","encoding":"utf8","env":"local","level":"INFO","consoleLevel":"INFO","disableConsoleAfterReady":false,"outputJSON":false,"buffer":true,"appLogName":"pillar-zone-server-web.log","coreLogName":"egg-web.log","agentLogName":"egg-agent.log","errorLogName":"common-error.log","coreLogger":{"consoleLevel":"WARN"},"allowDebugAtProd":false,"type":"application"}
2019-07-11 14:44:33,124 INFO 36195 [egg-multipart] stream mode enable
2019-07-11 14:44:33,232 INFO 36195 [egg-static] starting static serve /public/ -> /Users/liangwenzhu/my-space/pillarBoyZone/project/Server/app/public
2019-07-11 14:44:33,235 INFO 36195 [egg-security] use csrf middleware
2019-07-11 14:44:33,236 INFO 36195 [egg-security] use methodnoallow middleware
2019-07-11 14:44:33,236 INFO 36195 [egg-security] use noopen middleware
2019-07-11 14:44:33,237 INFO 36195 [egg-security] use nosniff middleware
2019-07-11 14:44:33,238 INFO 36195 [egg-security] use xssProtection middleware
2019-07-11 14:44:33,239 INFO 36195 [egg-security] use xframe middleware
2019-07-11 14:44:33,240 INFO 36195 [egg-security] use dta middleware
2019-07-11 14:44:33,240 INFO 36195 [egg-security] compose 7 middlewares into one security middleware
2019-07-11 14:44:33,331 INFO 36195 [egg:core] dump config after load, 39ms
2019-07-11 14:44:33,357 INFO 36195 [egg-watcher:application] watcher start success
2019-07-11 14:44:33,361 INFO 36195 [egg:core] dump config after ready, 3ms
2019-07-11 15:01:10,782 INFO 36335 [egg:logger] init all loggers with options: {"dir":"/Users/liangwenzhu/my-space/pillarBoyZone/project/Server/logs/pillar-zone-server","encoding":"utf8","env":"local","level":"INFO","consoleLevel":"INFO","disableConsoleAfterReady":false,"outputJSON":false,"buffer":true,"appLogName":"pillar-zone-server-web.log","coreLogName":"egg-web.log","agentLogName":"egg-agent.log","errorLogName":"common-error.log","coreLogger":{"consoleLevel":"WARN"},"allowDebugAtProd":false,"type":"application"}
2019-07-11 15:01:10,834 INFO 36335 [egg-multipart] stream mode enable
2019-07-11 15:01:10,934 INFO 36335 [egg-static] starting static serve /public/ -> /Users/liangwenzhu/my-space/pillarBoyZone/project/Server/app/public
2019-07-11 15:01:10,937 INFO 36335 [egg-security] use csrf middleware
2019-07-11 15:01:10,938 INFO 36335 [egg-security] use methodnoallow middleware
2019-07-11 15:01:10,938 INFO 36335 [egg-security] use noopen middleware
2019-07-11 15:01:10,939 INFO 36335 [egg-security] use nosniff middleware
2019-07-11 15:01:10,940 INFO 36335 [egg-security] use xssProtection middleware
2019-07-11 15:01:10,941 INFO 36335 [egg-security] use xframe middleware
2019-07-11 15:01:10,942 INFO 36335 [egg-security] use dta middleware
2019-07-11 15:01:10,942 INFO 36335 [egg-security] compose 7 middlewares into one security middleware
2019-07-11 15:01:11,032 INFO 36335 [egg:core] dump config after load, 31ms
2019-07-11 15:01:11,043 INFO 36335 [egg-watcher:application] watcher start success
2019-07-11 15:01:11,047 INFO 36335 [egg:core] dump config after ready, 2ms
2019-07-11 15:07:33,830 INFO 36390 [egg:logger] init all loggers with options: {"dir":"/Users/liangwenzhu/my-space/pillarBoyZone/project/Server/logs/pillar-zone-server","encoding":"utf8","env":"local","level":"INFO","consoleLevel":"INFO","disableConsoleAfterReady":false,"outputJSON":false,"buffer":true,"appLogName":"pillar-zone-server-web.log","coreLogName":"egg-web.log","agentLogName":"egg-agent.log","errorLogName":"common-error.log","coreLogger":{"consoleLevel":"WARN"},"allowDebugAtProd":false,"type":"application"}
2019-07-11 15:07:33,884 INFO 36390 [egg-multipart] stream mode enable
2019-07-11 15:07:33,968 INFO 36390 [egg-static] starting static serve /public/ -> /Users/liangwenzhu/my-space/pillarBoyZone/project/Server/app/public
2019-07-11 15:07:33,978 INFO 36390 [egg-security] use csrf middleware
2019-07-11 15:07:33,979 INFO 36390 [egg-security] use methodnoallow middleware
2019-07-11 15:07:33,980 INFO 36390 [egg-security] use noopen middleware
2019-07-11 15:07:33,980 INFO 36390 [egg-security] use nosniff middleware
2019-07-11 15:07:33,981 INFO 36390 [egg-security] use xssProtection middleware
2019-07-11 15:07:33,981 INFO 36390 [egg-security] use xframe middleware
2019-07-11 15:07:33,981 INFO 36390 [egg-security] use dta middleware
2019-07-11 15:07:33,981 INFO 36390 [egg-security] compose 7 middlewares into one security middleware
2019-07-11 15:07:34,068 INFO 36390 [egg:core] dump config after load, 25ms
2019-07-11 15:07:34,079 INFO 36390 [egg-watcher:application] watcher start success
2019-07-11 15:07:34,082 INFO 36390 [egg:core] dump config after ready, 2ms
2019-07-11 15:12:00,985 INFO 36442 [egg:logger] init all loggers with options: {"dir":"/Users/liangwenzhu/my-space/pillarBoyZone/project/Server/logs/pillar-zone-server","encoding":"utf8","env":"local","level":"INFO","consoleLevel":"INFO","disableConsoleAfterReady":false,"outputJSON":false,"buffer":true,"appLogName":"pillar-zone-server-web.log","coreLogName":"egg-web.log","agentLogName":"egg-agent.log","errorLogName":"common-error.log","coreLogger":{"consoleLevel":"WARN"},"allowDebugAtProd":false,"type":"application"}
2019-07-11 15:12:01,012 INFO 36442 [egg-multipart] stream mode enable
2019-07-11 15:12:01,041 INFO 36442 [egg-static] starting static serve /public/ -> /Users/liangwenzhu/my-space/pillarBoyZone/project/Server/app/public
2019-07-11 15:12:01,043 INFO 36442 [egg-security] use csrf middleware
2019-07-11 15:12:01,044 INFO 36442 [egg-security] use methodnoallow middleware
2019-07-11 15:12:01,044 INFO 36442 [egg-security] use noopen middleware
2019-07-11 15:12:01,045 INFO 36442 [egg-security] use nosniff middleware
2019-07-11 15:12:01,045 INFO 36442 [egg-security] use xssProtection middleware
2019-07-11 15:12:01,045 INFO 36442 [egg-security] use xframe middleware
2019-07-11 15:12:01,045 INFO 36442 [egg-security] use dta middleware
2019-07-11 15:12:01,045 INFO 36442 [egg-security] compose 7 middlewares into one security middleware
2019-07-11 15:12:01,053 INFO 36442 [egg:core] dump config after load, 5ms
2019-07-11 15:12:01,063 INFO 36442 [egg-watcher:application] watcher start success
2019-07-11 15:12:01,067 INFO 36442 [egg:core] dump config after ready, 2ms
2019-07-11 15:14:09,760 INFO 36486 [egg:logger] init all loggers with options: {"dir":"/Users/liangwenzhu/my-space/pillarBoyZone/project/Server/logs/pillar-zone-server","encoding":"utf8","env":"local","level":"INFO","consoleLevel":"INFO","disableConsoleAfterReady":false,"outputJSON":false,"buffer":true,"appLogName":"pillar-zone-server-web.log","coreLogName":"egg-web.log","agentLogName":"egg-agent.log","errorLogName":"common-error.log","coreLogger":{"consoleLevel":"WARN"},"allowDebugAtProd":false,"type":"application"}
2019-07-11 15:14:09,786 INFO 36486 [egg-multipart] stream mode enable
2019-07-11 15:14:09,815 INFO 36486 [egg-static] starting static serve /public/ -> /Users/liangwenzhu/my-space/pillarBoyZone/project/Server/app/public
2019-07-11 15:14:09,817 INFO 36486 [egg-security] use csrf middleware
2019-07-11 15:14:09,817 INFO 36486 [egg-security] use methodnoallow middleware
2019-07-11 15:14:09,817 INFO 36486 [egg-security] use noopen middleware
2019-07-11 15:14:09,818 INFO 36486 [egg-security] use nosniff middleware
2019-07-11 15:14:09,818 INFO 36486 [egg-security] use xssProtection middleware
2019-07-11 15:14:09,818 INFO 36486 [egg-security] use xframe middleware
2019-07-11 15:14:09,818 INFO 36486 [egg-security] use dta middleware
2019-07-11 15:14:09,818 INFO 36486 [egg-security] compose 7 middlewares into one security middleware
2019-07-11 15:14:09,826 INFO 36486 [egg:core] dump config after load, 4ms
2019-07-11 15:14:09,837 INFO 36486 [egg-watcher:application] watcher start success
2019-07-11 15:14:09,841 INFO 36486 [egg:core] dump config after ready, 2ms
2019-07-11 15:14:52,762 INFO 36494 [egg:logger] init all loggers with options: {"dir":"/Users/liangwenzhu/my-space/pillarBoyZone/project/Server/logs/pillar-zone-server","encoding":"utf8","env":"local","level":"INFO","consoleLevel":"INFO","disableConsoleAfterReady":false,"outputJSON":false,"buffer":true,"appLogName":"pillar-zone-server-web.log","coreLogName":"egg-web.log","agentLogName":"egg-agent.log","errorLogName":"common-error.log","coreLogger":{"consoleLevel":"WARN"},"allowDebugAtProd":false,"type":"application"}
2019-07-11 15:14:52,787 INFO 36494 [egg-multipart] stream mode enable
2019-07-11 15:14:52,813 INFO 36494 [egg-static] starting static serve /public/ -> /Users/liangwenzhu/my-space/pillarBoyZone/project/Server/app/public
2019-07-11 15:14:52,815 INFO 36494 [egg-security] use csrf middleware
2019-07-11 15:14:52,816 INFO 36494 [egg-security] use methodnoallow middleware
2019-07-11 15:14:52,816 INFO 36494 [egg-security] use noopen middleware
2019-07-11 15:14:52,816 INFO 36494 [egg-security] use nosniff middleware
2019-07-11 15:14:52,816 INFO 36494 [egg-security] use xssProtection middleware
2019-07-11 15:14:52,817 INFO 36494 [egg-security] use xframe middleware
2019-07-11 15:14:52,817 INFO 36494 [egg-security] use dta middleware
2019-07-11 15:14:52,817 INFO 36494 [egg-security] compose 7 middlewares into one security middleware
2019-07-11 15:14:52,825 INFO 36494 [egg:core] dump config after load, 4ms
2019-07-11 15:14:52,835 INFO 36494 [egg-watcher:application] watcher start success
2019-07-11 15:14:52,841 INFO 36494 [egg:core] dump config after ready, 4ms
2019-07-11 15:15:23,838 INFO 36501 [egg:logger] init all loggers with options: {"dir":"/Users/liangwenzhu/my-space/pillarBoyZone/project/Server/logs/pillar-zone-server","encoding":"utf8","env":"local","level":"INFO","consoleLevel":"INFO","disableConsoleAfterReady":false,"outputJSON":false,"buffer":true,"appLogName":"pillar-zone-server-web.log","coreLogName":"egg-web.log","agentLogName":"egg-agent.log","errorLogName":"common-error.log","coreLogger":{"consoleLevel":"WARN"},"allowDebugAtProd":false,"type":"application"}
2019-07-11 15:15:23,867 INFO 36501 [egg-multipart] stream mode enable
2019-07-11 15:15:23,924 INFO 36501 [egg-static] starting static serve /public/ -> /Users/liangwenzhu/my-space/pillarBoyZone/project/Server/app/public
2019-07-11 15:15:23,927 INFO 36501 [egg-security] use csrf middleware
2019-07-11 15:15:23,928 INFO 36501 [egg-security] use methodnoallow middleware
2019-07-11 15:15:23,928 INFO 36501 [egg-security] use noopen middleware
2019-07-11 15:15:23,930 INFO 36501 [egg-security] use nosniff middleware
2019-07-11 15:15:23,930 INFO 36501 [egg-security] use xssProtection middleware
2019-07-11 15:15:23,931 INFO 36501 [egg-security] use xframe middleware
2019-07-11 15:15:23,932 INFO 36501 [egg-security] use dta middleware
2019-07-11 15:15:23,932 INFO 36501 [egg-security] compose 7 middlewares into one security middleware
2019-07-11 15:15:23,954 INFO 36501 [egg:core] dump config after load, 3ms
2019-07-11 15:15:23,965 INFO 36501 [egg-watcher:application] watcher start success
2019-07-11 15:15:23,969 INFO 36501 [egg:core] dump config after ready, 2ms
2019-07-11 15:21:30,916 INFO 36687 [egg:logger] init all loggers with options: {"dir":"/Users/liangwenzhu/my-space/pillarBoyZone/project/Server/logs/pillar-zone-server","encoding":"utf8","env":"local","level":"INFO","consoleLevel":"INFO","disableConsoleAfterReady":false,"outputJSON":false,"buffer":true,"appLogName":"pillar-zone-server-web.log","coreLogName":"egg-web.log","agentLogName":"egg-agent.log","errorLogName":"common-error.log","coreLogger":{"consoleLevel":"WARN"},"allowDebugAtProd":false,"type":"application"}
2019-07-11 15:21:30,940 INFO 36687 [egg-multipart] stream mode enable
2019-07-11 15:21:31,015 INFO 36687 [egg-static] starting static serve /public/ -> /Users/liangwenzhu/my-space/pillarBoyZone/project/Server/app/public
2019-07-11 15:21:31,018 INFO 36687 [egg-security] use csrf middleware
2019-07-11 15:21:31,018 INFO 36687 [egg-security] use methodnoallow middleware
2019-07-11 15:21:31,019 INFO 36687 [egg-security] use noopen middleware
2019-07-11 15:21:31,020 INFO 36687 [egg-security] use nosniff middleware
2019-07-11 15:21:31,020 INFO 36687 [egg-security] use xssProtection middleware
2019-07-11 15:21:31,021 INFO 36687 [egg-security] use xframe middleware
2019-07-11 15:21:31,022 INFO 36687 [egg-security] use dta middleware
2019-07-11 15:21:31,022 INFO 36687 [egg-security] compose 7 middlewares into one security middleware
2019-07-11 15:21:31,049 INFO 36687 [egg:core] dump config after load, 4ms
2019-07-11 15:21:31,060 INFO 36687 [egg-watcher:application] watcher start success
2019-07-11 15:21:31,064 INFO 36687 [egg:core] dump config after ready, 2ms
2019-07-11 15:21:54,093 INFO 36704 [egg:logger] init all loggers with options: {"dir":"/Users/liangwenzhu/my-space/pillarBoyZone/project/Server/logs/pillar-zone-server","encoding":"utf8","env":"local","level":"INFO","consoleLevel":"INFO","disableConsoleAfterReady":false,"outputJSON":false,"buffer":true,"appLogName":"pillar-zone-server-web.log","coreLogName":"egg-web.log","agentLogName":"egg-agent.log","errorLogName":"common-error.log","coreLogger":{"consoleLevel":"WARN"},"allowDebugAtProd":false,"type":"application"}
2019-07-11 15:21:54,120 INFO 36704 [egg-multipart] stream mode enable
2019-07-11 15:21:54,144 INFO 36704 [egg-static] starting static serve /public/ -> /Users/liangwenzhu/my-space/pillarBoyZone/project/Server/app/public
2019-07-11 15:21:54,146 INFO 36704 [egg-security] use csrf middleware
2019-07-11 15:21:54,147 INFO 36704 [egg-security] use methodnoallow middleware
2019-07-11 15:21:54,147 INFO 36704 [egg-security] use noopen middleware
2019-07-11 15:21:54,147 INFO 36704 [egg-security] use nosniff middleware
2019-07-11 15:21:54,148 INFO 36704 [egg-security] use xssProtection middleware
2019-07-11 15:21:54,148 INFO 36704 [egg-security] use xframe middleware
2019-07-11 15:21:54,148 INFO 36704 [egg-security] use dta middleware
2019-07-11 15:21:54,148 INFO 36704 [egg-security] compose 7 middlewares into one security middleware
2019-07-11 15:21:54,155 INFO 36704 [egg:core] dump config after load, 4ms
2019-07-11 15:21:54,167 INFO 36704 [egg-watcher:application] watcher start success
2019-07-11 15:21:54,172 INFO 36704 [egg:core] dump config after ready, 3ms
2019-07-11 16:37:09,133 INFO 37862 [egg:logger] init all loggers with options: {"dir":"/Users/liangwenzhu/my-space/pillarBoyZone/project/Server/logs/pillar-zone-server","encoding":"utf8","env":"local","level":"INFO","consoleLevel":"INFO","disableConsoleAfterReady":false,"outputJSON":false,"buffer":true,"appLogName":"pillar-zone-server-web.log","coreLogName":"egg-web.log","agentLogName":"egg-agent.log","errorLogName":"common-error.log","coreLogger":{"consoleLevel":"WARN"},"allowDebugAtProd":false,"type":"application"}
2019-07-11 16:37:09,158 INFO 37862 [egg-multipart] stream mode enable
2019-07-11 16:37:09,322 INFO 37862 [egg-static] starting static serve /public/ -> /Users/liangwenzhu/my-space/pillarBoyZone/project/Server/app/public
2019-07-11 16:37:09,327 INFO 37862 [egg-security] use csrf middleware
2019-07-11 16:37:09,328 INFO 37862 [egg-security] use methodnoallow middleware
2019-07-11 16:37:09,329 INFO 37862 [egg-security] use noopen middleware
2019-07-11 16:37:09,329 INFO 37862 [egg-security] use nosniff middleware
2019-07-11 16:37:09,330 INFO 37862 [egg-security] use xssProtection middleware
2019-07-11 16:37:09,330 INFO 37862 [egg-security] use xframe middleware
2019-07-11 16:37:09,331 INFO 37862 [egg-security] use dta middleware
2019-07-11 16:37:09,331 INFO 37862 [egg-security] compose 7 middlewares into one security middleware
2019-07-11 16:37:09,378 INFO 37862 [egg:core] dump config after load, 4ms
2019-07-11 16:37:09,391 INFO 37862 [egg-watcher:application] watcher start success
2019-07-11 16:37:09,395 INFO 37862 [egg:core] dump config after ready, 2ms
2019-07-11 17:31:12,796 INFO 38551 [egg:logger] init all loggers with options: {"dir":"/Users/liangwenzhu/my-space/pillarBoyZone/project/Server/logs/pillar-zone-server","encoding":"utf8","env":"local","level":"INFO","consoleLevel":"INFO","disableConsoleAfterReady":false,"outputJSON":false,"buffer":true,"appLogName":"pillar-zone-server-web.log","coreLogName":"egg-web.log","agentLogName":"egg-agent.log","errorLogName":"common-error.log","coreLogger":{"consoleLevel":"WARN"},"allowDebugAtProd":false,"type":"application"}
2019-07-11 17:31:12,825 INFO 38551 [egg-multipart] stream mode enable
2019-07-11 17:31:12,891 INFO 38551 [egg-static] starting static serve /public/ -> /Users/liangwenzhu/my-space/pillarBoyZone/project/Server/app/public
2019-07-11 17:31:12,893 INFO 38551 [egg-security] use csrf middleware
2019-07-11 17:31:12,894 INFO 38551 [egg-security] use methodnoallow middleware
2019-07-11 17:31:12,895 INFO 38551 [egg-security] use noopen middleware
2019-07-11 17:31:12,896 INFO 38551 [egg-security] use nosniff middleware
2019-07-11 17:31:12,897 INFO 38551 [egg-security] use xssProtection middleware
2019-07-11 17:31:12,898 INFO 38551 [egg-security] use xframe middleware
2019-07-11 17:31:12,899 INFO 38551 [egg-security] use dta middleware
2019-07-11 17:31:12,899 INFO 38551 [egg-security] compose 7 middlewares into one security middleware
2019-07-11 17:31:12,947 INFO 38551 [egg:core] dump config after load, 19ms
2019-07-11 17:31:12,956 INFO 38551 [egg-watcher:application] watcher start success
2019-07-11 17:31:12,960 INFO 38551 [egg:core] dump config after ready, 2ms
2019-07-11 17:31:13,418 INFO 38553 [egg:logger] init all loggers with options: {"dir":"/Users/liangwenzhu/my-space/pillarBoyZone/project/Server/logs/pillar-zone-server","encoding":"utf8","env":"local","level":"INFO","consoleLevel":"INFO","disableConsoleAfterReady":false,"outputJSON":false,"buffer":true,"appLogName":"pillar-zone-server-web.log","coreLogName":"egg-web.log","agentLogName":"egg-agent.log","errorLogName":"common-error.log","coreLogger":{"consoleLevel":"WARN"},"allowDebugAtProd":false,"type":"application"}
2019-07-11 17:31:13,441 INFO 38553 [egg-multipart] stream mode enable
2019-07-11 17:31:13,468 INFO 38553 [egg-static] starting static serve /public/ -> /Users/liangwenzhu/my-space/pillarBoyZone/project/Server/app/public
2019-07-11 17:31:13,470 INFO 38553 [egg-security] use csrf middleware
2019-07-11 17:31:13,470 INFO 38553 [egg-security] use methodnoallow middleware
2019-07-11 17:31:13,471 INFO 38553 [egg-security] use noopen middleware
2019-07-11 17:31:13,471 INFO 38553 [egg-security] use nosniff middleware
2019-07-11 17:31:13,471 INFO 38553 [egg-security] use xssProtection middleware
2019-07-11 17:31:13,471 INFO 38553 [egg-security] use xframe middleware
2019-07-11 17:31:13,472 INFO 38553 [egg-security] use dta middleware
2019-07-11 17:31:13,472 INFO 38553 [egg-security] compose 7 middlewares into one security middleware
2019-07-11 17:31:13,480 INFO 38553 [egg:core] dump config after load, 4ms
2019-07-11 17:31:13,490 INFO 38553 [egg-watcher:application] watcher start success
2019-07-11 17:31:13,493 INFO 38553 [egg:core] dump config after ready, 2ms
2019-07-11 17:31:57,245 INFO 38565 [egg:logger] init all loggers with options: {"dir":"/Users/liangwenzhu/my-space/pillarBoyZone/project/Server/logs/pillar-zone-server","encoding":"utf8","env":"local","level":"INFO","consoleLevel":"INFO","disableConsoleAfterReady":false,"outputJSON":false,"buffer":true,"appLogName":"pillar-zone-server-web.log","coreLogName":"egg-web.log","agentLogName":"egg-agent.log","errorLogName":"common-error.log","coreLogger":{"consoleLevel":"WARN"},"allowDebugAtProd":false,"type":"application"}
2019-07-11 17:31:57,268 INFO 38565 [egg-multipart] stream mode enable
2019-07-11 17:31:57,292 INFO 38565 [egg-static] starting static serve /public/ -> /Users/liangwenzhu/my-space/pillarBoyZone/project/Server/app/public
2019-07-11 17:31:57,294 INFO 38565 [egg-security] use csrf middleware
2019-07-11 17:31:57,294 INFO 38565 [egg-security] use methodnoallow middleware
2019-07-11 17:31:57,295 INFO 38565 [egg-security] use noopen middleware
2019-07-11 17:31:57,295 INFO 38565 [egg-security] use nosniff middleware
2019-07-11 17:31:57,296 INFO 38565 [egg-security] use xssProtection middleware
2019-07-11 17:31:57,296 INFO 38565 [egg-security] use xframe middleware
2019-07-11 17:31:57,296 INFO 38565 [egg-security] use dta middleware
2019-07-11 17:31:57,296 INFO 38565 [egg-security] compose 7 middlewares into one security middleware
2019-07-11 17:31:57,303 INFO 38565 [egg:core] dump config after load, 4ms
2019-07-11 17:31:57,311 INFO 38565 [egg-watcher:application] watcher start success
2019-07-11 17:31:57,316 INFO 38565 [egg:core] dump config after ready, 3ms
2019-07-11 17:32:36,218 INFO 38572 [egg:logger] init all loggers with options: {"dir":"/Users/liangwenzhu/my-space/pillarBoyZone/project/Server/logs/pillar-zone-server","encoding":"utf8","env":"local","level":"INFO","consoleLevel":"INFO","disableConsoleAfterReady":false,"outputJSON":false,"buffer":true,"appLogName":"pillar-zone-server-web.log","coreLogName":"egg-web.log","agentLogName":"egg-agent.log","errorLogName":"common-error.log","coreLogger":{"consoleLevel":"WARN"},"allowDebugAtProd":false,"type":"application"}
2019-07-11 17:32:36,243 INFO 38572 [egg-multipart] stream mode enable
2019-07-11 17:32:36,268 INFO 38572 [egg-static] starting static serve /public/ -> /Users/liangwenzhu/my-space/pillarBoyZone/project/Server/app/public
2019-07-11 17:32:36,270 INFO 38572 [egg-security] use csrf middleware
2019-07-11 17:32:36,270 INFO 38572 [egg-security] use methodnoallow middleware
2019-07-11 17:32:36,270 INFO 38572 [egg-security] use noopen middleware
2019-07-11 17:32:36,271 INFO 38572 [egg-security] use nosniff middleware
2019-07-11 17:32:36,271 INFO 38572 [egg-security] use xssProtection middleware
2019-07-11 17:32:36,271 INFO 38572 [egg-security] use xframe middleware
2019-07-11 17:32:36,271 INFO 38572 [egg-security] use dta middleware
2019-07-11 17:32:36,271 INFO 38572 [egg-security] compose 7 middlewares into one security middleware
2019-07-11 17:32:36,279 INFO 38572 [egg:core] dump config after load, 4ms
2019-07-11 17:32:36,289 INFO 38572 [egg-watcher:application] watcher start success
2019-07-11 17:32:36,315 INFO 38572 [egg:core] dump config after ready, 25ms
