2019-07-11 11:46:51,990 INFO 33649 [egg-schedule]: register schedule /Users/liangwenzhu/my-space/pillarBoyZone/project/Server/node_modules/egg-multipart/app/schedule/clean_tmpdir.js
2019-07-11 11:46:51,990 INFO 33649 [egg-schedule]: register schedule /Users/liangwenzhu/my-space/pillarBoyZone/project/Server/node_modules/egg-logrotator/app/schedule/clean_log.js
2019-07-11 11:46:51,990 INFO 33649 [egg-schedule]: register schedule /Users/liangwenzhu/my-space/pillarBoyZone/project/Server/node_modules/egg-logrotator/app/schedule/rotate_by_file.js
2019-07-11 11:46:52,204 INFO 33648 [Timer] /Users/liangwenzhu/my-space/pillarBoyZone/project/Server/node_modules/egg-multipart/app/schedule/clean_tmpdir.js next time will execute after 60187812ms at 2019-07-12 04:30:00.016
2019-07-11 11:46:52,204 INFO 33648 [Timer] /Users/liangwenzhu/my-space/pillarBoyZone/project/Server/node_modules/egg-logrotator/app/schedule/clean_log.js next time will execute after 43987796ms at 2019-07-12 00:00:00.000
2019-07-11 11:46:52,205 INFO 33648 [Timer] /Users/liangwenzhu/my-space/pillarBoyZone/project/Server/node_modules/egg-logrotator/app/schedule/rotate_by_file.js next time will execute after 43988795ms at 2019-07-12 00:00:01.000
2019-07-11 11:47:32,112 INFO 33666 [egg-schedule]: register schedule /Users/liangwenzhu/my-space/pillarBoyZone/project/Server/node_modules/egg-multipart/app/schedule/clean_tmpdir.js
2019-07-11 11:47:32,112 INFO 33666 [egg-schedule]: register schedule /Users/liangwenzhu/my-space/pillarBoyZone/project/Server/node_modules/egg-logrotator/app/schedule/clean_log.js
2019-07-11 11:47:32,112 INFO 33666 [egg-schedule]: register schedule /Users/liangwenzhu/my-space/pillarBoyZone/project/Server/node_modules/egg-logrotator/app/schedule/rotate_by_file.js
2019-07-11 11:49:41,862 INFO 33702 [egg-schedule]: register schedule /Users/liangwenzhu/my-space/pillarBoyZone/project/Server/node_modules/egg-multipart/app/schedule/clean_tmpdir.js
2019-07-11 11:49:41,862 INFO 33702 [egg-schedule]: register schedule /Users/liangwenzhu/my-space/pillarBoyZone/project/Server/node_modules/egg-logrotator/app/schedule/clean_log.js
2019-07-11 11:49:41,862 INFO 33702 [egg-schedule]: register schedule /Users/liangwenzhu/my-space/pillarBoyZone/project/Server/node_modules/egg-logrotator/app/schedule/rotate_by_file.js
2019-07-11 11:52:04,623 INFO 33759 [egg-schedule]: register schedule /Users/liangwenzhu/my-space/pillarBoyZone/project/Server/node_modules/egg-multipart/app/schedule/clean_tmpdir.js
2019-07-11 11:52:04,623 INFO 33759 [egg-schedule]: register schedule /Users/liangwenzhu/my-space/pillarBoyZone/project/Server/node_modules/egg-logrotator/app/schedule/clean_log.js
2019-07-11 11:52:04,623 INFO 33759 [egg-schedule]: register schedule /Users/liangwenzhu/my-space/pillarBoyZone/project/Server/node_modules/egg-logrotator/app/schedule/rotate_by_file.js
2019-07-11 11:52:16,266 INFO 33761 [egg-schedule]: register schedule /Users/liangwenzhu/my-space/pillarBoyZone/project/Server/node_modules/egg-multipart/app/schedule/clean_tmpdir.js
2019-07-11 11:52:16,267 INFO 33761 [egg-schedule]: register schedule /Users/liangwenzhu/my-space/pillarBoyZone/project/Server/node_modules/egg-logrotator/app/schedule/clean_log.js
2019-07-11 11:52:16,267 INFO 33761 [egg-schedule]: register schedule /Users/liangwenzhu/my-space/pillarBoyZone/project/Server/node_modules/egg-logrotator/app/schedule/rotate_by_file.js
2019-07-11 14:44:33,123 INFO 36195 [egg-schedule]: register schedule /Users/liangwenzhu/my-space/pillarBoyZone/project/Server/node_modules/egg-multipart/app/schedule/clean_tmpdir.js
2019-07-11 14:44:33,123 INFO 36195 [egg-schedule]: register schedule /Users/liangwenzhu/my-space/pillarBoyZone/project/Server/node_modules/egg-logrotator/app/schedule/clean_log.js
2019-07-11 14:44:33,123 INFO 36195 [egg-schedule]: register schedule /Users/liangwenzhu/my-space/pillarBoyZone/project/Server/node_modules/egg-logrotator/app/schedule/rotate_by_file.js
2019-07-11 15:01:10,834 INFO 36335 [egg-schedule]: register schedule /Users/liangwenzhu/my-space/pillarBoyZone/project/Server/node_modules/egg-multipart/app/schedule/clean_tmpdir.js
2019-07-11 15:01:10,834 INFO 36335 [egg-schedule]: register schedule /Users/liangwenzhu/my-space/pillarBoyZone/project/Server/node_modules/egg-logrotator/app/schedule/clean_log.js
2019-07-11 15:01:10,834 INFO 36335 [egg-schedule]: register schedule /Users/liangwenzhu/my-space/pillarBoyZone/project/Server/node_modules/egg-logrotator/app/schedule/rotate_by_file.js
2019-07-11 15:07:33,883 INFO 36390 [egg-schedule]: register schedule /Users/liangwenzhu/my-space/pillarBoyZone/project/Server/node_modules/egg-multipart/app/schedule/clean_tmpdir.js
2019-07-11 15:07:33,883 INFO 36390 [egg-schedule]: register schedule /Users/liangwenzhu/my-space/pillarBoyZone/project/Server/node_modules/egg-logrotator/app/schedule/clean_log.js
2019-07-11 15:07:33,883 INFO 36390 [egg-schedule]: register schedule /Users/liangwenzhu/my-space/pillarBoyZone/project/Server/node_modules/egg-logrotator/app/schedule/rotate_by_file.js
2019-07-11 15:12:01,011 INFO 36442 [egg-schedule]: register schedule /Users/liangwenzhu/my-space/pillarBoyZone/project/Server/node_modules/egg-multipart/app/schedule/clean_tmpdir.js
2019-07-11 15:12:01,011 INFO 36442 [egg-schedule]: register schedule /Users/liangwenzhu/my-space/pillarBoyZone/project/Server/node_modules/egg-logrotator/app/schedule/clean_log.js
2019-07-11 15:12:01,011 INFO 36442 [egg-schedule]: register schedule /Users/liangwenzhu/my-space/pillarBoyZone/project/Server/node_modules/egg-logrotator/app/schedule/rotate_by_file.js
2019-07-11 15:14:09,786 INFO 36486 [egg-schedule]: register schedule /Users/liangwenzhu/my-space/pillarBoyZone/project/Server/node_modules/egg-multipart/app/schedule/clean_tmpdir.js
2019-07-11 15:14:09,786 INFO 36486 [egg-schedule]: register schedule /Users/liangwenzhu/my-space/pillarBoyZone/project/Server/node_modules/egg-logrotator/app/schedule/clean_log.js
2019-07-11 15:14:09,786 INFO 36486 [egg-schedule]: register schedule /Users/liangwenzhu/my-space/pillarBoyZone/project/Server/node_modules/egg-logrotator/app/schedule/rotate_by_file.js
2019-07-11 15:14:52,787 INFO 36494 [egg-schedule]: register schedule /Users/liangwenzhu/my-space/pillarBoyZone/project/Server/node_modules/egg-multipart/app/schedule/clean_tmpdir.js
2019-07-11 15:14:52,787 INFO 36494 [egg-schedule]: register schedule /Users/liangwenzhu/my-space/pillarBoyZone/project/Server/node_modules/egg-logrotator/app/schedule/clean_log.js
2019-07-11 15:14:52,787 INFO 36494 [egg-schedule]: register schedule /Users/liangwenzhu/my-space/pillarBoyZone/project/Server/node_modules/egg-logrotator/app/schedule/rotate_by_file.js
2019-07-11 15:15:23,867 INFO 36501 [egg-schedule]: register schedule /Users/liangwenzhu/my-space/pillarBoyZone/project/Server/node_modules/egg-multipart/app/schedule/clean_tmpdir.js
2019-07-11 15:15:23,867 INFO 36501 [egg-schedule]: register schedule /Users/liangwenzhu/my-space/pillarBoyZone/project/Server/node_modules/egg-logrotator/app/schedule/clean_log.js
2019-07-11 15:15:23,867 INFO 36501 [egg-schedule]: register schedule /Users/liangwenzhu/my-space/pillarBoyZone/project/Server/node_modules/egg-logrotator/app/schedule/rotate_by_file.js
2019-07-11 15:21:31,070 INFO 36686 [Timer] /Users/liangwenzhu/my-space/pillarBoyZone/project/Server/node_modules/egg-multipart/app/schedule/clean_tmpdir.js next time will execute after 47308933ms at 2019-07-12 04:30:00.003
2019-07-11 15:21:31,071 INFO 36686 [Timer] /Users/liangwenzhu/my-space/pillarBoyZone/project/Server/node_modules/egg-logrotator/app/schedule/clean_log.js next time will execute after 31108929ms at 2019-07-12 00:00:00.000
2019-07-11 15:21:31,071 INFO 36686 [Timer] /Users/liangwenzhu/my-space/pillarBoyZone/project/Server/node_modules/egg-logrotator/app/schedule/rotate_by_file.js next time will execute after 31109929ms at 2019-07-12 00:00:01.000
2019-07-11 15:21:30,939 INFO 36687 [egg-schedule]: register schedule /Users/liangwenzhu/my-space/pillarBoyZone/project/Server/node_modules/egg-multipart/app/schedule/clean_tmpdir.js
2019-07-11 15:21:30,939 INFO 36687 [egg-schedule]: register schedule /Users/liangwenzhu/my-space/pillarBoyZone/project/Server/node_modules/egg-logrotator/app/schedule/clean_log.js
2019-07-11 15:21:30,939 INFO 36687 [egg-schedule]: register schedule /Users/liangwenzhu/my-space/pillarBoyZone/project/Server/node_modules/egg-logrotator/app/schedule/rotate_by_file.js
2019-07-11 15:21:54,177 INFO 36699 [Timer] /Users/liangwenzhu/my-space/pillarBoyZone/project/Server/node_modules/egg-multipart/app/schedule/clean_tmpdir.js next time will execute after 47285825ms at 2019-07-12 04:30:00.002
2019-07-11 15:21:54,178 INFO 36699 [Timer] /Users/liangwenzhu/my-space/pillarBoyZone/project/Server/node_modules/egg-logrotator/app/schedule/clean_log.js next time will execute after 31085822ms at 2019-07-12 00:00:00.000
2019-07-11 15:21:54,178 INFO 36699 [Timer] /Users/liangwenzhu/my-space/pillarBoyZone/project/Server/node_modules/egg-logrotator/app/schedule/rotate_by_file.js next time will execute after 31086822ms at 2019-07-12 00:00:01.000
2019-07-11 15:21:54,119 INFO 36704 [egg-schedule]: register schedule /Users/liangwenzhu/my-space/pillarBoyZone/project/Server/node_modules/egg-multipart/app/schedule/clean_tmpdir.js
2019-07-11 15:21:54,119 INFO 36704 [egg-schedule]: register schedule /Users/liangwenzhu/my-space/pillarBoyZone/project/Server/node_modules/egg-logrotator/app/schedule/clean_log.js
2019-07-11 15:21:54,119 INFO 36704 [egg-schedule]: register schedule /Users/liangwenzhu/my-space/pillarBoyZone/project/Server/node_modules/egg-logrotator/app/schedule/rotate_by_file.js
2019-07-11 16:37:09,157 INFO 37862 [egg-schedule]: register schedule /Users/liangwenzhu/my-space/pillarBoyZone/project/Server/node_modules/egg-multipart/app/schedule/clean_tmpdir.js
2019-07-11 16:37:09,157 INFO 37862 [egg-schedule]: register schedule /Users/liangwenzhu/my-space/pillarBoyZone/project/Server/node_modules/egg-logrotator/app/schedule/clean_log.js
2019-07-11 16:37:09,157 INFO 37862 [egg-schedule]: register schedule /Users/liangwenzhu/my-space/pillarBoyZone/project/Server/node_modules/egg-logrotator/app/schedule/rotate_by_file.js
2019-07-11 16:37:09,401 INFO 37861 [Timer] /Users/liangwenzhu/my-space/pillarBoyZone/project/Server/node_modules/egg-multipart/app/schedule/clean_tmpdir.js next time will execute after 42770602ms at 2019-07-12 04:30:00.003
2019-07-11 16:37:09,401 INFO 37861 [Timer] /Users/liangwenzhu/my-space/pillarBoyZone/project/Server/node_modules/egg-logrotator/app/schedule/clean_log.js next time will execute after 26570599ms at 2019-07-12 00:00:00.000
2019-07-11 16:37:09,402 INFO 37861 [Timer] /Users/liangwenzhu/my-space/pillarBoyZone/project/Server/node_modules/egg-logrotator/app/schedule/rotate_by_file.js next time will execute after 26571599ms at 2019-07-12 00:00:01.001
2019-07-11 17:31:12,824 INFO 38551 [egg-schedule]: register schedule /Users/liangwenzhu/my-space/pillarBoyZone/project/Server/node_modules/egg-multipart/app/schedule/clean_tmpdir.js
2019-07-11 17:31:12,824 INFO 38551 [egg-schedule]: register schedule /Users/liangwenzhu/my-space/pillarBoyZone/project/Server/node_modules/egg-logrotator/app/schedule/clean_log.js
2019-07-11 17:31:12,824 INFO 38551 [egg-schedule]: register schedule /Users/liangwenzhu/my-space/pillarBoyZone/project/Server/node_modules/egg-logrotator/app/schedule/rotate_by_file.js
2019-07-11 17:31:13,440 INFO 38553 [egg-schedule]: register schedule /Users/liangwenzhu/my-space/pillarBoyZone/project/Server/node_modules/egg-multipart/app/schedule/clean_tmpdir.js
2019-07-11 17:31:13,440 INFO 38553 [egg-schedule]: register schedule /Users/liangwenzhu/my-space/pillarBoyZone/project/Server/node_modules/egg-logrotator/app/schedule/clean_log.js
2019-07-11 17:31:13,440 INFO 38553 [egg-schedule]: register schedule /Users/liangwenzhu/my-space/pillarBoyZone/project/Server/node_modules/egg-logrotator/app/schedule/rotate_by_file.js
2019-07-11 17:31:57,267 INFO 38565 [egg-schedule]: register schedule /Users/liangwenzhu/my-space/pillarBoyZone/project/Server/node_modules/egg-multipart/app/schedule/clean_tmpdir.js
2019-07-11 17:31:57,267 INFO 38565 [egg-schedule]: register schedule /Users/liangwenzhu/my-space/pillarBoyZone/project/Server/node_modules/egg-logrotator/app/schedule/clean_log.js
2019-07-11 17:31:57,267 INFO 38565 [egg-schedule]: register schedule /Users/liangwenzhu/my-space/pillarBoyZone/project/Server/node_modules/egg-logrotator/app/schedule/rotate_by_file.js
2019-07-11 17:32:36,242 INFO 38572 [egg-schedule]: register schedule /Users/liangwenzhu/my-space/pillarBoyZone/project/Server/node_modules/egg-multipart/app/schedule/clean_tmpdir.js
2019-07-11 17:32:36,242 INFO 38572 [egg-schedule]: register schedule /Users/liangwenzhu/my-space/pillarBoyZone/project/Server/node_modules/egg-logrotator/app/schedule/clean_log.js
2019-07-11 17:32:36,242 INFO 38572 [egg-schedule]: register schedule /Users/liangwenzhu/my-space/pillarBoyZone/project/Server/node_modules/egg-logrotator/app/schedule/rotate_by_file.js
